# JRE version: OpenJDK Runtime Environment Temurin-21.0.10+7 (21.0.10+7) (build 21.0.10+7-LTS)
# Java VM: OpenJDK 64-Bit Server VM Temurin-21.0.10+7 (21.0.10+7-LTS, mixed mode, sharing, tiered, compressed oops, compressed class ptrs, parallel gc, windows-amd64)
GC Precious Log:
 CardTable entry size: 512
 CPUs: 8 total, 8 available
 Memory: 3885M
 Large Page Support: Disabled
 NUMA Support: Disabled
 Compressed Oops: Enabled (32-bit)
 Alignments: Space 512K, Generation 512K, Heap 2M
 Heap Min Capacity: 100M
 Heap Initial Capacity: 100M
 Heap Max Capacity: 2G
 Pre-touch: Disabled
 Parallel Workers: 8
Heap:
 PSYoungGen      total 18944K, used 12422K [0x00000000d5580000, 0x00000000d6980000, 0x0000000100000000)
  eden space 17408K, 70% used [0x00000000d5580000,0x00000000d6171bc8,0x00000000d6680000)
  from space 1536K, 12% used [0x00000000d6700000,0x00000000d6730000,0x00000000d6880000)
  to   space 512K, 0% used [0x00000000d6900000,0x00000000d6900000,0x00000000d6980000)
 ParOldGen       total 80896K, used 75673K [0x0000000080000000, 0x0000000084f00000, 0x00000000d5580000)
  object space 80896K, 93% used [0x0000000080000000,0x00000000849e6490,0x0000000084f00000)
 Metaspace       used 67376K, committed 68864K, reserved 1114112K
  class space    used 7245K, committed 7872K, reserved 1048576K
GC Heap History (20 events):
Event: 53.143 GC heap before
{Heap before GC invocations=73 (full 3):
 PSYoungGen      total 18432K, used 18432K [0x00000000d5580000, 0x00000000d6b80000, 0x0000000100000000)
  eden space 17920K, 100% used [0x00000000d5580000,0x00000000d6700000,0x00000000d6700000)
  from space 512K, 100% used [0x00000000d6780000,0x00000000d6800000,0x00000000d6800000)
  to   space 1536K, 0% used [0x00000000d6a00000,0x00000000d6a00000,0x00000000d6b80000)
 ParOldGen       total 80896K, used 70272K [0x0000000080000000, 0x0000000084f00000, 0x00000000d5580000)
  object space 80896K, 86% used [0x0000000080000000,0x00000000844a0270,0x0000000084f00000)
 Metaspace       used 64135K, committed 65600K, reserved 1114112K
  class space    used 6852K, committed 7488K, reserved 1048576K
}
Event: 53.148 GC heap after
{Heap after GC invocations=73 (full 3):
 PSYoungGen      total 18432K, used 192K [0x00000000d5580000, 0x00000000d6a80000, 0x0000000100000000)
  eden space 17920K, 0% used [0x00000000d5580000,0x00000000d5580000,0x00000000d6700000)
  from space 512K, 37% used [0x00000000d6a00000,0x00000000d6a30000,0x00000000d6a80000)
  to   space 512K, 0% used [0x00000000d6780000,0x00000000d6780000,0x00000000d6800000)
 ParOldGen       total 80896K, used 70400K [0x0000000080000000, 0x0000000084f00000, 0x00000000d5580000)
  object space 80896K, 87% used [0x0000000080000000,0x00000000844c0270,0x0000000084f00000)
 Metaspace       used 64135K, committed 65600K, reserved 1114112K
  class space    used 6852K, committed 7488K, reserved 1048576K
}
Event: 53.774 GC heap before
{Heap before GC invocations=74 (full 3):
 PSYoungGen      total 18432K, used 18112K [0x00000000d5580000, 0x00000000d6a80000, 0x0000000100000000)
  eden space 17920K, 100% used [0x00000000d5580000,0x00000000d6700000,0x00000000d6700000)
  from space 512K, 37% used [0x00000000d6a00000,0x00000000d6a30000,0x00000000d6a80000)
  to   space 512K, 0% used [0x00000000d6780000,0x00000000d6780000,0x00000000d6800000)
 ParOldGen       total 80896K, used 70400K [0x0000000080000000, 0x0000000084f00000, 0x00000000d5580000)
  object space 80896K, 87% used [0x0000000080000000,0x00000000844c0270,0x0000000084f00000)
 Metaspace       used 64284K, committed 65728K, reserved 1114112K
  class space    used 6864K, committed 7488K, reserved 1048576K
}
Event: 53.777 GC heap after
{Heap after GC invocations=74 (full 3):
 PSYoungGen      total 18432K, used 512K [0x00000000d5580000, 0x00000000d6a80000, 0x0000000100000000)
  eden space 17920K, 0% used [0x00000000d5580000,0x00000000d5580000,0x00000000d6700000)
  from space 512K, 100% used [0x00000000d6780000,0x00000000d6800000,0x00000000d6800000)
  to   space 1024K, 0% used [0x00000000d6980000,0x00000000d6980000,0x00000000d6a80000)
 ParOldGen       total 80896K, used 70512K [0x0000000080000000, 0x0000000084f00000, 0x00000000d5580000)
  object space 80896K, 87% used [0x0000000080000000,0x00000000844dc270,0x0000000084f00000)
 Metaspace       used 64284K, committed 65728K, reserved 1114112K
  class space    used 6864K, committed 7488K, reserved 1048576K
}
Event: 54.223 GC heap before
{Heap before GC invocations=75 (full 3):
 PSYoungGen      total 18432K, used 18432K [0x00000000d5580000, 0x00000000d6a80000, 0x0000000100000000)
  eden space 17920K, 100% used [0x00000000d5580000,0x00000000d6700000,0x00000000d6700000)
  from space 512K, 100% used [0x00000000d6780000,0x00000000d6800000,0x00000000d6800000)
  to   space 1024K, 0% used [0x00000000d6980000,0x00000000d6980000,0x00000000d6a80000)
 ParOldGen       total 80896K, used 70512K [0x0000000080000000, 0x0000000084f00000, 0x00000000d5580000)
  object space 80896K, 87% used [0x0000000080000000,0x00000000844dc270,0x0000000084f00000)
 Metaspace       used 64336K, committed 65792K, reserved 1114112K
  class space    used 6865K, committed 7488K, reserved 1048576K
}
Event: 54.229 GC heap after
{Heap after GC invocations=75 (full 3):
 PSYoungGen      total 18944K, used 1024K [0x00000000d5580000, 0x00000000d6a80000, 0x0000000100000000)
  eden space 17920K, 0% used [0x00000000d5580000,0x00000000d5580000,0x00000000d6700000)
  from space 1024K, 100% used [0x00000000d6980000,0x00000000d6a80000,0x00000000d6a80000)
  to   space 1536K, 0% used [0x00000000d6780000,0x00000000d6780000,0x00000000d6900000)
 ParOldGen       total 80896K, used 71040K [0x0000000080000000, 0x0000000084f00000, 0x00000000d5580000)
  object space 80896K, 87% used [0x0000000080000000,0x0000000084560270,0x0000000084f00000)
 Metaspace       used 64336K, committed 65792K, reserved 1114112K
  class space    used 6865K, committed 7488K, reserved 1048576K
}
Event: 54.596 GC heap before
{Heap before GC invocations=76 (full 3):
 PSYoungGen      total 18944K, used 18944K [0x00000000d5580000, 0x00000000d6a80000, 0x0000000100000000)
  eden space 17920K, 100% used [0x00000000d5580000,0x00000000d6700000,0x00000000d6700000)
  from space 1024K, 100% used [0x00000000d6980000,0x00000000d6a80000,0x00000000d6a80000)
  to   space 1536K, 0% used [0x00000000d6780000,0x00000000d6780000,0x00000000d6900000)
 ParOldGen       total 80896K, used 71040K [0x0000000080000000, 0x0000000084f00000, 0x00000000d5580000)
  object space 80896K, 87% used [0x0000000080000000,0x0000000084560270,0x0000000084f00000)
 Metaspace       used 64376K, committed 65856K, reserved 1114112K
  class space    used 6865K, committed 7488K, reserved 1048576K
}
Event: 54.600 GC heap after
{Heap after GC invocations=76 (full 3):
 PSYoungGen      total 19456K, used 704K [0x00000000d5580000, 0x00000000d6a00000, 0x0000000100000000)
  eden space 17920K, 0% used [0x00000000d5580000,0x00000000d5580000,0x00000000d6700000)
  from space 1536K, 45% used [0x00000000d6780000,0x00000000d6830000,0x00000000d6900000)
  to   space 1024K, 0% used [0x00000000d6900000,0x00000000d6900000,0x00000000d6a00000)
 ParOldGen       total 80896K, used 71256K [0x0000000080000000, 0x0000000084f00000, 0x00000000d5580000)
  object space 80896K, 88% used [0x0000000080000000,0x0000000084596270,0x0000000084f00000)
 Metaspace       used 64376K, committed 65856K, reserved 1114112K
  class space    used 6865K, committed 7488K, reserved 1048576K
}
Event: 55.167 GC heap before
{Heap before GC invocations=77 (full 3):
 PSYoungGen      total 19456K, used 18624K [0x00000000d5580000, 0x00000000d6a00000, 0x0000000100000000)
  eden space 17920K, 100% used [0x00000000d5580000,0x00000000d6700000,0x00000000d6700000)
  from space 1536K, 45% used [0x00000000d6780000,0x00000000d6830000,0x00000000d6900000)
  to   space 1024K, 0% used [0x00000000d6900000,0x00000000d6900000,0x00000000d6a00000)
 ParOldGen       total 80896K, used 71256K [0x0000000080000000, 0x0000000084f00000, 0x00000000d5580000)
  object space 80896K, 88% used [0x0000000080000000,0x0000000084596270,0x0000000084f00000)
 Metaspace       used 64462K, committed 65920K, reserved 1114112K
  class space    used 6873K, committed 7488K, reserved 1048576K
}
Event: 55.170 GC heap after
{Heap after GC invocations=77 (full 3):
 PSYoungGen      total 18944K, used 544K [0x00000000d5580000, 0x00000000d6a00000, 0x0000000100000000)
  eden space 17920K, 0% used [0x00000000d5580000,0x00000000d5580000,0x00000000d6700000)
  from space 1024K, 53% used [0x00000000d6900000,0x00000000d6988000,0x00000000d6a00000)
  to   space 1024K, 0% used [0x00000000d6800000,0x00000000d6800000,0x00000000d6900000)
 ParOldGen       total 80896K, used 71400K [0x0000000080000000, 0x0000000084f00000, 0x00000000d5580000)
  object space 80896K, 88% used [0x0000000080000000,0x00000000845ba270,0x0000000084f00000)
 Metaspace       used 64462K, committed 65920K, reserved 1114112K
  class space    used 6873K, committed 7488K, reserved 1048576K
}
Event: 55.710 GC heap before
{Heap before GC invocations=78 (full 3):
 PSYoungGen      total 18944K, used 18464K [0x00000000d5580000, 0x00000000d6a00000, 0x0000000100000000)
  eden space 17920K, 100% used [0x00000000d5580000,0x00000000d6700000,0x00000000d6700000)
  from space 1024K, 53% used [0x00000000d6900000,0x00000000d6988000,0x00000000d6a00000)
  to   space 1024K, 0% used [0x00000000d6800000,0x00000000d6800000,0x00000000d6900000)
 ParOldGen       total 80896K, used 71400K [0x0000000080000000, 0x0000000084f00000, 0x00000000d5580000)
  object space 80896K, 88% used [0x0000000080000000,0x00000000845ba270,0x0000000084f00000)
 Metaspace       used 65625K, committed 67072K, reserved 1114112K
  class space    used 7046K, committed 7680K, reserved 1048576K
}
Event: 55.722 GC heap after
{Heap after GC invocations=78 (full 3):
 PSYoungGen      total 18944K, used 857K [0x00000000d5580000, 0x00000000d6980000, 0x0000000100000000)
  eden space 17920K, 0% used [0x00000000d5580000,0x00000000d5580000,0x00000000d6700000)
  from space 1024K, 83% used [0x00000000d6800000,0x00000000d68d6470,0x00000000d6900000)
  to   space 512K, 0% used [0x00000000d6900000,0x00000000d6900000,0x00000000d6980000)
 ParOldGen       total 80896K, used 71729K [0x0000000080000000, 0x0000000084f00000, 0x00000000d5580000)
  object space 80896K, 88% used [0x0000000080000000,0x000000008460c710,0x0000000084f00000)
 Metaspace       used 65625K, committed 67072K, reserved 1114112K
  class space    used 7046K, committed 7680K, reserved 1048576K
}
Event: 56.502 GC heap before
{Heap before GC invocations=79 (full 3):
 PSYoungGen      total 18944K, used 18690K [0x00000000d5580000, 0x00000000d6980000, 0x0000000100000000)
  eden space 17920K, 99% used [0x00000000d5580000,0x00000000d66ea3c0,0x00000000d6700000)
  from space 1024K, 83% used [0x00000000d6800000,0x00000000d68d6470,0x00000000d6900000)
  to   space 512K, 0% used [0x00000000d6900000,0x00000000d6900000,0x00000000d6980000)
 ParOldGen       total 80896K, used 71729K [0x0000000080000000, 0x0000000084f00000, 0x00000000d5580000)
  object space 80896K, 88% used [0x0000000080000000,0x000000008460c710,0x0000000084f00000)
 Metaspace       used 66443K, committed 67968K, reserved 1114112K
  class space    used 7149K, committed 7808K, reserved 1048576K
}
Event: 56.514 GC heap after
{Heap after GC invocations=79 (full 3):
 PSYoungGen      total 17920K, used 496K [0x00000000d5580000, 0x00000000d6c00000, 0x0000000100000000)
  eden space 17408K, 0% used [0x00000000d5580000,0x00000000d5580000,0x00000000d6680000)
  from space 512K, 96% used [0x00000000d6900000,0x00000000d697c010,0x00000000d6980000)
  to   space 2560K, 0% used [0x00000000d6680000,0x00000000d6680000,0x00000000d6900000)
 ParOldGen       total 80896K, used 73138K [0x0000000080000000, 0x0000000084f00000, 0x00000000d5580000)
  object space 80896K, 90% used [0x0000000080000000,0x000000008476c968,0x0000000084f00000)
 Metaspace       used 66443K, committed 67968K, reserved 1114112K
  class space    used 7149K, committed 7808K, reserved 1048576K
}
Event: 57.337 GC heap before
{Heap before GC invocations=80 (full 3):
 PSYoungGen      total 17920K, used 17904K [0x00000000d5580000, 0x00000000d6c00000, 0x0000000100000000)
  eden space 17408K, 100% used [0x00000000d5580000,0x00000000d6680000,0x00000000d6680000)
  from space 512K, 96% used [0x00000000d6900000,0x00000000d697c010,0x00000000d6980000)
  to   space 2560K, 0% used [0x00000000d6680000,0x00000000d6680000,0x00000000d6900000)
 ParOldGen       total 80896K, used 73138K [0x0000000080000000, 0x0000000084f00000, 0x00000000d5580000)
  object space 80896K, 90% used [0x0000000080000000,0x000000008476c968,0x0000000084f00000)
 Metaspace       used 66781K, committed 68224K, reserved 1114112K
  class space    used 7184K, committed 7808K, reserved 1048576K
}
Event: 57.345 GC heap after
{Heap after GC invocations=80 (full 3):
 PSYoungGen      total 19968K, used 2057K [0x00000000d5580000, 0x00000000d6b80000, 0x0000000100000000)
  eden space 17408K, 0% used [0x00000000d5580000,0x00000000d5580000,0x00000000d6680000)
  from space 2560K, 80% used [0x00000000d6680000,0x00000000d68825d8,0x00000000d6900000)
  to   space 2560K, 0% used [0x00000000d6900000,0x00000000d6900000,0x00000000d6b80000)
 ParOldGen       total 80896K, used 73512K [0x0000000080000000, 0x0000000084f00000, 0x00000000d5580000)
  object space 80896K, 90% used [0x0000000080000000,0x00000000847ca288,0x0000000084f00000)
 Metaspace       used 66781K, committed 68224K, reserved 1114112K
  class space    used 7184K, committed 7808K, reserved 1048576K
}
Event: 3617.728 GC heap before
{Heap before GC invocations=81 (full 3):
 PSYoungGen      total 19968K, used 19465K [0x00000000d5580000, 0x00000000d6b80000, 0x0000000100000000)
  eden space 17408K, 100% used [0x00000000d5580000,0x00000000d6680000,0x00000000d6680000)
  from space 2560K, 80% used [0x00000000d6680000,0x00000000d68825d8,0x00000000d6900000)
  to   space 2560K, 0% used [0x00000000d6900000,0x00000000d6900000,0x00000000d6b80000)
 ParOldGen       total 80896K, used 73512K [0x0000000080000000, 0x0000000084f00000, 0x00000000d5580000)
  object space 80896K, 90% used [0x0000000080000000,0x00000000847ca288,0x0000000084f00000)
 Metaspace       used 66819K, committed 68224K, reserved 1114112K
  class space    used 7189K, committed 7808K, reserved 1048576K
}
Event: 3617.858 GC heap after
{Heap after GC invocations=81 (full 3):
 PSYoungGen      total 18432K, used 722K [0x00000000d5580000, 0x00000000d6a00000, 0x0000000100000000)
  eden space 17408K, 0% used [0x00000000d5580000,0x00000000d5580000,0x00000000d6680000)
  from space 1024K, 70% used [0x00000000d6900000,0x00000000d69b4810,0x00000000d6a00000)
  to   space 1536K, 0% used [0x00000000d6700000,0x00000000d6700000,0x00000000d6880000)
 ParOldGen       total 80896K, used 75394K [0x0000000080000000, 0x0000000084f00000, 0x00000000d5580000)
  object space 80896K, 93% used [0x0000000080000000,0x00000000849a09c8,0x0000000084f00000)
 Metaspace       used 66819K, committed 68224K, reserved 1114112K
  class space    used 7189K, committed 7808K, reserved 1048576K
}
Event: 3622.752 GC heap before
{Heap before GC invocations=82 (full 3):
 PSYoungGen      total 18432K, used 18130K [0x00000000d5580000, 0x00000000d6a00000, 0x0000000100000000)
  eden space 17408K, 100% used [0x00000000d5580000,0x00000000d6680000,0x00000000d6680000)
  from space 1024K, 70% used [0x00000000d6900000,0x00000000d69b4810,0x00000000d6a00000)
  to   space 1536K, 0% used [0x00000000d6700000,0x00000000d6700000,0x00000000d6880000)
 ParOldGen       total 80896K, used 75394K [0x0000000080000000, 0x0000000084f00000, 0x00000000d5580000)
  object space 80896K, 93% used [0x0000000080000000,0x00000000849a09c8,0x0000000084f00000)
 Metaspace       used 66823K, committed 68224K, reserved 1114112K
  class space    used 7189K, committed 7808K, reserved 1048576K
}
Event: 3623.175 GC heap after
{Heap after GC invocations=82 (full 3):
 PSYoungGen      total 18944K, used 192K [0x00000000d5580000, 0x00000000d6980000, 0x0000000100000000)
  eden space 17408K, 0% used [0x00000000d5580000,0x00000000d5580000,0x00000000d6680000)
  from space 1536K, 12% used [0x00000000d6700000,0x00000000d6730000,0x00000000d6880000)
  to   space 512K, 0% used [0x00000000d6900000,0x00000000d6900000,0x00000000d6980000)
 ParOldGen       total 80896K, used 75673K [0x0000000080000000, 0x0000000084f00000, 0x00000000d5580000)
  object space 80896K, 93% used [0x0000000080000000,0x00000000849e6490,0x0000000084f00000)
 Metaspace       used 66823K, committed 68224K, reserved 1114112K
  class space    used 7189K, committed 7808K, reserved 1048576K
}

